
> splitexpenses@1.5.0 start
> ng serve

- Generating browser application bundles (phase: setup)...
[32m✔[39m Browser application bundle generation complete.

Initial chunk files                    | Names                    |  Raw size
main.js                                | main                     |   4.16 MB |
styles.css, styles.js                  | styles                   | 244.54 kB |
polyfills.js                           | polyfills                | 234.40 kB |
runtime.js                             | runtime                  |  13.15 kB |

                                       | Initial total            |   4.65 MB

Lazy chunk files                       | Names                    |  Raw size
src_app_expenses_expenses_module_ts.js | expenses-expenses-module | 403.96 kB |
src_app_debts_debts_module_ts.js       | debts-debts-module       | 198.89 kB |
src_app_settings_options_module_ts.js  | settings-options-module  |  88.61 kB |
src_app_users_users_module_ts.js       | users-users-module       |  29.09 kB |
src_app_stats_stats_module_ts.js       | stats-stats-module       |  21.37 kB |
src_app_forecast_forecast_module_ts.js | forecast-forecast-module |  14.38 kB |
common.js                              | common                   |   4.04 kB |

Build at: 2026-03-29T20:37:48.629Z - Hash: 144d4ab5c3f58cf1 - Time: 31399ms

** Angular Live Development Server is listening on localhost:4200, open your browser on http://localhost:4200/ **


✔ Compiled successfully.
[32m✔[39m Browser application bundle generation complete.

Initial chunk files                    | Names                    |  Raw size
main.js                                | main                     |   4.16 MB |
runtime.js                             | runtime                  |  13.15 kB |

Lazy chunk files                       | Names                    |  Raw size
src_app_expenses_expenses_module_ts.js | expenses-expenses-module | 403.96 kB |
src_app_debts_debts_module_ts.js       | debts-debts-module       | 198.89 kB |
src_app_settings_options_module_ts.js  | settings-options-module  |  88.61 kB |
src_app_users_users_module_ts.js       | users-users-module       |  29.09 kB |
src_app_stats_stats_module_ts.js       | stats-stats-module       |  21.37 kB |
src_app_forecast_forecast_module_ts.js | forecast-forecast-module |  14.38 kB |

3 unchanged chunks

Build at: 2026-03-29T20:44:19.321Z - Hash: 97742413bd724122 - Time: 4583ms

✔ Compiled successfully.
[32m✔[39m Browser application bundle generation complete.

Initial chunk files                    | Names                    |  Raw size
main.js                                | main                     |   4.16 MB |
runtime.js                             | runtime                  |  13.15 kB |

Lazy chunk files                       | Names                    |  Raw size
src_app_expenses_expenses_module_ts.js | expenses-expenses-module | 402.37 kB |

8 unchanged chunks

Build at: 2026-03-29T20:44:38.713Z - Hash: 03cdba6180eda2ec - Time: 2250ms

Error: [96msrc/app/expenses/expenses.module.ts[0m:[93m33[0m:[93m13[0m - [91merror[0m[90m NG6004: [0mCan't be exported from this NgModule, as it must be imported first

[7m33[0m   exports: [AddExpenseComponent, ExpensesListComponent],
[7m  [0m [91m            ~~~~~~~~~~~~~~~~~~~[0m


Error: [96msrc/app/expenses/expenses.module.ts[0m:[93m33[0m:[93m34[0m - [91merror[0m[90m NG6004: [0mCan't be exported from this NgModule, as it must be imported first

[7m33[0m   exports: [AddExpenseComponent, ExpensesListComponent],
[7m  [0m [91m                                 ~~~~~~~~~~~~~~~~~~~~~[0m




✖ Failed to compile.
[32m✔[39m Browser application bundle generation complete.

Initial chunk files                    | Names                    |  Raw size
runtime.js                             | runtime                  |  13.15 kB |

Lazy chunk files                       | Names                    |  Raw size
src_app_expenses_expenses_module_ts.js | expenses-expenses-module | 403.96 kB |

9 unchanged chunks

Build at: 2026-03-29T20:45:40.351Z - Hash: 0976f0e61e3d6fc9 - Time: 700ms

✔ Compiled successfully.
